28-Jan-21 09:22:19 - INFO - Successfully Training Process
28-Jan-21 09:22:19 - INFO - PROCESS END
28-Jan-21 09:22:53 - INFO - Request Predict Device:F17027
28-Jan-21 09:22:53 - INFO - Predict FlowF Data
28-Jan-21 09:22:53 - INFO - Data loading ...
28-Jan-21 09:23:15 - INFO - Data processing ...
28-Jan-21 09:23:15 - INFO - Data Checking ...
28-Jan-21 09:23:15 - INFO - Good Data
28-Jan-21 09:23:15 - INFO - Start predict...
28-Jan-21 09:24:08 - INFO - Successfully Training Process
28-Jan-21 09:24:08 - INFO - PROCESS END
28-Jan-21 09:24:08 - INFO - Predict Pressure Data
28-Jan-21 09:24:08 - INFO - Data loading ...
28-Jan-21 09:24:29 - INFO - Data processing ...
28-Jan-21 09:24:29 - INFO - Data Checking ...
28-Jan-21 09:24:29 - INFO - Good Data
28-Jan-21 09:24:29 - INFO - Start predict...
28-Jan-21 09:25:19 - INFO - Successfully Training Process
28-Jan-21 09:25:19 - INFO - PROCESS END
28-Jan-21 09:26:22 - INFO - Request Predict Device:F17027
28-Jan-21 09:26:22 - INFO - Predict FlowF Data
28-Jan-21 09:26:22 - INFO - Data loading ...
28-Jan-21 09:26:44 - INFO - Data processing ...
28-Jan-21 09:26:44 - INFO - Data Checking ...
28-Jan-21 09:26:44 - INFO - Good Data
28-Jan-21 09:26:44 - INFO - Start predict...
28-Jan-21 09:27:36 - INFO - Successfully Training Process
28-Jan-21 09:27:36 - INFO - PROCESS END
28-Jan-21 09:27:36 - INFO - Predict Pressure Data
28-Jan-21 09:27:36 - INFO - Data loading ...
28-Jan-21 09:28:00 - INFO - Data processing ...
28-Jan-21 09:28:00 - INFO - Data Checking ...
28-Jan-21 09:28:00 - INFO - Good Data
28-Jan-21 09:28:00 - INFO - Start predict...
28-Jan-21 09:28:53 - INFO - Successfully Training Process
28-Jan-21 09:28:53 - INFO - PROCESS END
