27-Jan-21 15:32:39 - INFO - Request training Device:F17027
27-Jan-21 15:32:39 - INFO - Data processing ...
27-Jan-21 17:18:22 - ERROR - Exception on /sm/ai_console [GET]
Traceback (most recent call last):
  File "/home/jukkudo/anaconda3/envs/ds/lib/python3.6/site-packages/flask/app.py", line 2447, in wsgi_app
    response = self.full_dispatch_request()
  File "/home/jukkudo/anaconda3/envs/ds/lib/python3.6/site-packages/flask/app.py", line 1952, in full_dispatch_request
    rv = self.handle_user_exception(e)
  File "/home/jukkudo/anaconda3/envs/ds/lib/python3.6/site-packages/flask_cors/extension.py", line 165, in wrapped_function
    return cors_after_request(app.make_response(f(*args, **kwargs)))
  File "/home/jukkudo/anaconda3/envs/ds/lib/python3.6/site-packages/flask_restful/__init__.py", line 272, in error_router
    return original_handler(e)
  File "/home/jukkudo/anaconda3/envs/ds/lib/python3.6/site-packages/flask/app.py", line 1821, in handle_user_exception
    reraise(exc_type, exc_value, tb)
  File "/home/jukkudo/anaconda3/envs/ds/lib/python3.6/site-packages/flask/_compat.py", line 39, in reraise
    raise value
  File "/home/jukkudo/anaconda3/envs/ds/lib/python3.6/site-packages/flask/app.py", line 1950, in full_dispatch_request
    rv = self.dispatch_request()
  File "/home/jukkudo/anaconda3/envs/ds/lib/python3.6/site-packages/flask/app.py", line 1936, in dispatch_request
    return self.view_functions[rule.endpoint](**req.view_args)
  File "predictapi.py", line 159, in ai_console
    predict_status = open("status/predict_status.log","r")
FileNotFoundError: [Errno 2] No such file or directory: 'status/predict_status.log'
27-Jan-21 17:19:28 - INFO - Request training Device:F17027
27-Jan-21 17:19:28 - INFO - Predict FlowF Data
27-Jan-21 17:19:28 - INFO - Data loading ...
27-Jan-21 17:19:49 - INFO - Data processing ...
27-Jan-21 17:19:49 - INFO - Data Checking ...
27-Jan-21 17:19:49 - INFO - Good Data
27-Jan-21 17:19:49 - INFO - Start predict...
27-Jan-21 17:20:43 - INFO - Successfully Training Process
27-Jan-21 17:20:43 - INFO - PROCESS END
27-Jan-21 17:20:43 - INFO - Predict Pressure Data
27-Jan-21 17:20:43 - INFO - Data loading ...
27-Jan-21 17:21:03 - INFO - Data processing ...
27-Jan-21 17:21:03 - INFO - Data Checking ...
27-Jan-21 17:21:03 - INFO - Good Data
27-Jan-21 17:21:03 - INFO - Start predict...
27-Jan-21 17:21:54 - INFO - Request Predict Device:F17027
27-Jan-21 17:21:54 - INFO - Predict FlowF Data
27-Jan-21 17:21:54 - INFO - Data loading ...
27-Jan-21 17:21:57 - INFO - Request Predict Device:F17027
27-Jan-21 17:21:57 - INFO - Predict FlowF Data
27-Jan-21 17:21:57 - INFO - Data loading ...
27-Jan-21 17:22:00 - WARNING - Task queue depth is 1
27-Jan-21 17:22:00 - WARNING - Task queue depth is 2
27-Jan-21 17:22:05 - WARNING - Task queue depth is 3
27-Jan-21 17:22:19 - INFO - Data processing ...
27-Jan-21 17:22:19 - INFO - Data processing ...
27-Jan-21 17:22:19 - INFO - Data Checking ...
27-Jan-21 17:22:20 - INFO - Data Checking ...
27-Jan-21 17:22:20 - INFO - Good Data
27-Jan-21 17:22:20 - INFO - Start predict...
27-Jan-21 17:22:20 - INFO - Good Data
27-Jan-21 17:22:20 - INFO - Start predict...
27-Jan-21 17:22:57 - INFO - Request Predict Device:F17027
27-Jan-21 17:22:57 - INFO - Predict FlowF Data
27-Jan-21 17:22:57 - INFO - Data loading ...
27-Jan-21 17:23:23 - INFO - Data processing ...
27-Jan-21 17:23:23 - INFO - Data Checking ...
27-Jan-21 17:23:23 - INFO - Good Data
27-Jan-21 17:23:23 - INFO - Start predict...
27-Jan-21 17:24:18 - INFO - Successfully Training Process
27-Jan-21 17:24:18 - INFO - PROCESS END
27-Jan-21 17:24:18 - INFO - Predict Pressure Data
27-Jan-21 17:24:18 - INFO - Data loading ...
